{"level":"info","message":"Parameters 41 and 0 received for addition","service":"calculate-service"}
{"level":"info","message":"Parameters 41 and as received for addition","service":"calculate-service"}
{"level":"error","message":"n2 is incorrectly defined","service":"calculate-service"}
{"level":"info","message":"Parameters 41 and undefined received for addition","service":"calculate-service"}
{"level":"error","message":"n2 is incorrectly defined","service":"calculate-service"}
{"level":"info","message":"Parameters 41 and undefined received for addition","service":"calculate-service"}
{"level":"error","message":"n2 is incorrectly defined","service":"calculate-service"}
{"level":"info","message":"Parameters 41 and 3 received for addition","service":"calculate-service"}
{"level":"info","message":"Parameters 41 and 3 received for subtraction","service":"calculate-service"}
{"level":"info","message":"Parameters 41 and 3 received for multiplication","service":"calculate-service"}
{"level":"info","message":"Parameters 41 and 3 received for division","service":"calculate-service"}
{"level":"info","message":"Parameters 41 and 0 received for division","service":"calculate-service"}
{"level":"error","message":"cannot divide by zero","service":"calculate-service"}
{"level":"info","message":"Parameters undefined and 0 received for division","service":"calculate-service"}
{"level":"error","message":"n1 is incorrectly defined","service":"calculate-service"}
{"level":"info","message":"Parameters 8 and 3 received for powers","service":"calculate-service"}
{"level":"info","message":"Parameters 8 and 3 received for powers","service":"calculate-service"}
{"level":"info","message":"Parameters 8 and 3 received for modulo","service":"calculate-service"}
{"level":"info","message":"Parameters 8 and 3 received for roots","service":"calculate-service"}
{"level":"info","message":"Parameters 8 and 0 received for roots","service":"calculate-service"}
{"level":"error","message":"root must be a positive, non zero, integer","service":"calculate-service"}
{"level":"info","message":"Parameters 8 and 0 received for powers","service":"calculate-service"}
{"level":"info","message":"Parameters 0 and 0 received for powers","service":"calculate-service"}
{"level":"error","message":"cannot calulate 0^0","service":"calculate-service"}
{"level":"info","message":"Parameters 0 and 6.7 received for powers","service":"calculate-service"}
{"level":"error","message":"power must be a positive integer","service":"calculate-service"}
{"level":"info","message":"Parameters 0 and -6 received for powers","service":"calculate-service"}
{"level":"error","message":"power must be a positive integer","service":"calculate-service"}
{"level":"info","message":"Parameters 0 and -6 received for modulo","service":"calculate-service"}
{"level":"info","message":"Parameters 0 and 0 received for modulo","service":"calculate-service"}
{"level":"error","message":"cannot divide by zero","service":"calculate-service"}
{"level":"info","message":"Parameters 41 and 3 received for addition","service":"calculate-service"}
{"level":"info","message":"Parameters 41 and 3 received for addition","service":"calculate-service"}
{"level":"info","message":"Parameters 41 and 3 received for addition","service":"calculate-service"}
